TN:
SF:src/components/SecureField.tsx
FN:13,(anonymous_6)
FN:33,(anonymous_7)
FN:34,(anonymous_8)
FN:51,(anonymous_9)
FNF:4
FNH:4
FNDA:29,(anonymous_6)
FNDA:7,(anonymous_7)
FNDA:7,(anonymous_8)
FNDA:14,(anonymous_9)
DA:1,2
DA:2,2
DA:13,2
DA:25,29
DA:26,29
DA:27,29
DA:30,29
DA:33,29
DA:34,7
DA:35,7
DA:36,0
DA:37,0
DA:38,0
DA:39,0
DA:41,0
DA:44,7
DA:47,7
DA:51,29
DA:52,14
DA:53,14
DA:56,14
DA:57,4
DA:58,4
DA:59,4
DA:62,10
DA:64,10
DA:65,10
DA:66,10
DA:68,0
DA:73,29
DA:74,7
DA:77,22
LF:32
LH:26
BRDA:16,0,0,25
BRDA:20,1,0,29
BRDA:21,2,0,29
BRDA:35,3,0,0
BRDA:39,4,0,0
BRDA:39,4,1,0
BRDA:56,5,0,4
BRDA:59,6,0,4
BRDA:66,7,0,0
BRDA:66,7,1,10
BRDA:66,8,0,10
BRDA:66,8,1,10
BRDA:73,9,0,7
BRDA:84,10,0,22
BRDA:84,10,1,2
BRDA:86,11,0,2
BRDA:86,11,1,0
BRDA:100,12,0,4
BRDA:100,12,1,18
BRDA:102,13,0,4
BRDA:102,13,1,18
BRDA:106,14,0,22
BRDA:106,14,1,4
BRF:23
BRH:18
end_of_record
TN:
SF:src/components/SecureForm.tsx
FN:10,(anonymous_6)
FN:18,(anonymous_7)
FN:19,(anonymous_8)
FN:26,(anonymous_9)
FN:32,(anonymous_10)
FN:52,(anonymous_11)
FN:53,(anonymous_12)
FNF:7
FNH:5
FNDA:4,(anonymous_6)
FNDA:10,(anonymous_7)
FNDA:10,(anonymous_8)
FNDA:2,(anonymous_9)
FNDA:8,(anonymous_10)
FNDA:0,(anonymous_11)
FNDA:0,(anonymous_12)
DA:1,1
DA:2,1
DA:10,1
DA:15,4
DA:18,4
DA:19,10
DA:26,4
DA:27,2
DA:28,2
DA:32,4
DA:33,8
DA:34,4
DA:38,4
DA:41,4
DA:52,1
DA:53,0
DA:54,0
DA:57,0
LF:18
LH:15
BRDA:13,0,0,4
BRDA:33,1,0,4
BRDA:33,2,0,8
BRDA:33,2,1,8
BRF:4
BRH:4
end_of_record
TN:
SF:src/contexts/FormContext.tsx
FN:22,formReducer
FN:35,(anonymous_7)
FN:44,FormProvider
FN:47,(anonymous_9)
FN:51,(anonymous_10)
FN:62,useForm
FNF:6
FNH:6
FNDA:9,formReducer
FNDA:8,(anonymous_7)
FNDA:11,FormProvider
FNDA:8,(anonymous_9)
FNDA:1,(anonymous_10)
FNDA:11,useForm
DA:1,1
DA:10,1
DA:16,1
DA:23,9
DA:25,8
DA:32,8
DA:35,8
DA:38,1
DA:40,0
DA:44,1
DA:45,11
DA:47,11
DA:48,8
DA:51,11
DA:52,1
DA:55,11
DA:62,1
DA:63,11
DA:64,11
DA:65,0
DA:67,11
LF:21
LH:19
BRDA:23,0,0,8
BRDA:23,0,1,1
BRDA:23,0,2,0
BRDA:64,1,0,0
BRF:4
BRH:2
end_of_record
TN:
SF:src/contexts/SecurityContext.tsx
FN:14,SecurityProvider
FN:18,(anonymous_7)
FN:19,(anonymous_8)
FN:26,(anonymous_9)
FN:33,(anonymous_10)
FN:38,(anonymous_11)
FN:50,useSecurity
FNF:7
FNH:5
FNDA:284845,SecurityProvider
FNDA:284845,(anonymous_7)
FNDA:284845,(anonymous_8)
FNDA:284845,(anonymous_9)
FNDA:0,(anonymous_10)
FNDA:0,(anonymous_11)
FNDA:284845,useSecurity
DA:1,1
DA:2,1
DA:12,1
DA:14,1
DA:15,284845
DA:16,284845
DA:18,284845
DA:19,284845
DA:20,284845
DA:21,284844
DA:26,284845
DA:27,284845
DA:28,284845
DA:29,284845
DA:30,284845
DA:33,284845
DA:34,0
DA:35,0
DA:38,284845
DA:39,0
DA:40,0
DA:43,284845
DA:50,1
DA:51,284845
DA:52,284845
DA:53,0
DA:55,284845
LF:27
LH:22
BRDA:20,0,0,284844
BRDA:34,1,0,0
BRDA:39,2,0,0
BRDA:52,3,0,0
BRF:4
BRH:1
end_of_record
TN:
SF:src/core/security-core.ts
FN:19,(anonymous_0)
FN:32,(anonymous_1)
FN:68,(anonymous_2)
FN:106,(anonymous_3)
FN:114,(anonymous_4)
FN:149,(anonymous_5)
FN:163,(anonymous_6)
FN:166,(anonymous_7)
FN:170,(anonymous_8)
FN:174,(anonymous_9)
FN:179,(anonymous_10)
FN:185,(anonymous_11)
FN:192,(anonymous_12)
FN:196,(anonymous_13)
FN:204,(anonymous_14)
FN:210,(anonymous_15)
FN:214,(anonymous_16)
FN:218,(anonymous_17)
FN:226,(anonymous_18)
FNF:19
FNH:19
FNDA:284920,(anonymous_0)
FNDA:284884,(anonymous_1)
FNDA:43,(anonymous_2)
FNDA:22,(anonymous_3)
FNDA:455,(anonymous_4)
FNDA:284889,(anonymous_5)
FNDA:4,(anonymous_6)
FNDA:40,(anonymous_7)
FNDA:40,(anonymous_8)
FNDA:4,(anonymous_9)
FNDA:4,(anonymous_10)
FNDA:4,(anonymous_11)
FNDA:4,(anonymous_12)
FNDA:4,(anonymous_13)
FNDA:4,(anonymous_14)
FNDA:4,(anonymous_15)
FNDA:4,(anonymous_16)
FNDA:4,(anonymous_17)
FNDA:4,(anonymous_18)
DA:15,4
DA:17,284920
DA:20,284920
DA:33,284884
DA:35,284884
DA:36,284884
DA:45,284884
DA:48,284884
DA:61,0
DA:69,43
DA:70,10
DA:73,33
DA:75,33
DA:76,33
DA:79,33
DA:82,33
DA:92,33
DA:93,33
DA:94,33
DA:97,33
DA:99,0
DA:107,22
DA:108,4
DA:111,18
DA:113,18
DA:114,455
DA:118,18
DA:119,18
DA:122,18
DA:132,18
DA:133,18
DA:136,18
DA:137,18
DA:139,9
DA:142,0
DA:150,284889
DA:155,4
DA:163,4
DA:166,4
DA:167,40
DA:170,4
DA:171,40
DA:174,4
DA:175,4
DA:176,4
DA:179,4
DA:180,4
DA:181,4
DA:182,4
DA:185,4
DA:186,4
DA:187,4
DA:188,4
DA:189,4
DA:192,4
DA:193,4
DA:196,4
DA:197,4
DA:198,4
DA:199,4
DA:200,4
DA:201,4
DA:204,4
DA:205,4
DA:206,4
DA:207,4
DA:210,4
DA:211,4
DA:214,4
DA:215,4
DA:218,4
DA:219,4
DA:220,4
DA:221,4
DA:222,4
DA:223,4
DA:226,4
DA:227,4
DA:228,4
DA:229,4
DA:230,4
DA:231,4
LF:82
LH:79
BRDA:69,0,0,10
BRDA:79,1,0,24
BRDA:79,1,1,9
BRDA:107,2,0,4
BRF:4
BRH:4
end_of_record
TN:
SF:src/utils/validation.ts
FN:6,(anonymous_0)
FN:7,(anonymous_1)
FN:18,(anonymous_2)
FN:19,(anonymous_3)
FN:22,(anonymous_4)
FN:23,(anonymous_5)
FN:26,(anonymous_6)
FN:27,(anonymous_7)
FN:30,(anonymous_8)
FN:31,(anonymous_9)
FN:34,(anonymous_10)
FN:35,(anonymous_11)
FNF:12
FNH:10
FNDA:1,(anonymous_0)
FNDA:3,(anonymous_1)
FNDA:2,(anonymous_2)
FNDA:6,(anonymous_3)
FNDA:1,(anonymous_4)
FNDA:2,(anonymous_5)
FNDA:0,(anonymous_6)
FNDA:0,(anonymous_7)
FNDA:1,(anonymous_8)
FNDA:2,(anonymous_9)
FNDA:1,(anonymous_10)
FNDA:2,(anonymous_11)
DA:6,1
DA:7,1
DA:8,3
DA:9,5
DA:10,2
DA:13,1
DA:17,1
DA:18,2
DA:19,6
DA:22,1
DA:23,2
DA:26,0
DA:27,0
DA:30,1
DA:31,2
DA:34,1
DA:35,2
LF:17
LH:15
BRDA:9,0,0,2
BRDA:18,1,0,2
BRDA:24,2,0,1
BRDA:24,2,1,1
BRDA:28,3,0,0
BRDA:28,3,1,0
BRDA:30,4,0,1
BRF:7
BRH:5
end_of_record
