TN:
SF:src/__tests__/test-utils.tsx
FN:6,render
FN:12,Wrapper
FNF:2
FNH:2
FNDA:7,render
FNDA:7,Wrapper
DA:1,2
DA:2,2
DA:3,2
DA:4,2
DA:13,7
DA:21,7
DA:25,2
DA:26,2
LF:8
LH:8
BRDA:8,0,0,7
BRF:1
BRH:1
end_of_record
TN:
SF:src/components/SecureAddressInput.tsx
FN:12,(anonymous_6)
FN:27,(anonymous_7)
FN:77,(anonymous_8)
FN:92,(anonymous_9)
FN:107,(anonymous_10)
FN:122,(anonymous_11)
FN:137,(anonymous_12)
FNF:7
FNH:0
FNDA:0,(anonymous_6)
FNDA:0,(anonymous_7)
FNDA:0,(anonymous_8)
FNDA:0,(anonymous_9)
FNDA:0,(anonymous_10)
FNDA:0,(anonymous_11)
FNDA:0,(anonymous_12)
DA:1,1
DA:12,1
DA:20,0
DA:21,0
DA:22,0
DA:23,0
DA:24,0
DA:25,0
DA:27,0
DA:28,0
DA:29,0
DA:31,0
DA:32,0
DA:34,0
DA:35,0
DA:37,0
DA:38,0
DA:40,0
DA:41,0
DA:43,0
DA:44,0
DA:47,0
DA:48,0
DA:49,0
DA:50,0
DA:51,0
DA:55,0
DA:77,0
DA:92,0
DA:107,0
DA:122,0
DA:137,0
DA:157,1
LF:33
LH:3
BRDA:15,0,0,0
BRDA:17,1,0,0
BRDA:29,2,0,0
BRDA:29,2,1,0
BRDA:29,2,2,0
BRDA:29,2,3,0
BRDA:29,2,4,0
BRDA:47,3,0,0
BRDA:51,4,0,0
BRDA:62,5,0,0
BRDA:62,5,1,0
BRDA:64,6,0,0
BRDA:64,6,1,0
BRDA:81,7,0,0
BRDA:81,7,1,0
BRDA:96,8,0,0
BRDA:96,8,1,0
BRDA:111,9,0,0
BRDA:111,9,1,0
BRDA:126,10,0,0
BRDA:126,10,1,0
BRDA:141,11,0,0
BRDA:141,11,1,0
BRDA:148,12,0,0
BRDA:148,12,1,0
BRF:25
BRH:0
end_of_record
TN:
SF:src/components/SecureCheckbox.tsx
FN:13,(anonymous_6)
FN:28,(anonymous_7)
FN:29,(anonymous_8)
FN:45,(anonymous_9)
FNF:4
FNH:3
FNDA:12,(anonymous_6)
FNDA:6,(anonymous_7)
FNDA:6,(anonymous_8)
FNDA:0,(anonymous_9)
DA:1,1
DA:2,1
DA:13,1
DA:23,12
DA:24,12
DA:25,12
DA:26,12
DA:28,12
DA:29,6
DA:30,6
DA:31,0
DA:32,0
DA:33,0
DA:35,0
DA:36,0
DA:39,6
DA:42,6
DA:45,12
DA:46,0
DA:47,0
DA:49,0
DA:50,0
DA:51,0
DA:52,0
DA:55,0
DA:56,0
DA:57,0
DA:58,0
DA:61,0
DA:62,0
DA:66,12
DA:67,6
DA:70,6
DA:105,1
LF:34
LH:17
BRDA:16,0,0,8
BRDA:20,1,0,12
BRDA:30,2,0,0
BRDA:30,3,0,6
BRDA:30,3,1,1
BRDA:49,4,0,0
BRDA:52,5,0,0
BRDA:56,6,0,0
BRDA:56,7,0,0
BRDA:56,7,1,0
BRDA:66,8,0,6
BRDA:79,9,0,0
BRDA:79,9,1,6
BRDA:80,10,0,0
BRDA:80,10,1,6
BRDA:87,11,0,6
BRDA:87,11,1,2
BRDA:89,12,0,1
BRDA:89,12,1,1
BRDA:95,13,0,6
BRDA:95,13,1,0
BRF:21
BRH:12
end_of_record
TN:
SF:src/components/SecureField.tsx
FN:20,(anonymous_6)
FN:50,(anonymous_7)
FN:51,(anonymous_8)
FN:69,(anonymous_9)
FN:80,(anonymous_10)
FN:98,(anonymous_11)
FN:135,(anonymous_12)
FN:139,(anonymous_13)
FN:142,(anonymous_14)
FN:148,(anonymous_15)
FN:188,(anonymous_16)
FN:189,(anonymous_17)
FN:206,(anonymous_18)
FN:222,(anonymous_19)
FNF:14
FNH:6
FNDA:14,(anonymous_6)
FNDA:7,(anonymous_7)
FNDA:7,(anonymous_8)
FNDA:0,(anonymous_9)
FNDA:0,(anonymous_10)
FNDA:0,(anonymous_11)
FNDA:0,(anonymous_12)
FNDA:7,(anonymous_13)
FNDA:7,(anonymous_14)
FNDA:7,(anonymous_15)
FNDA:0,(anonymous_16)
FNDA:0,(anonymous_17)
FNDA:0,(anonymous_18)
FNDA:0,(anonymous_19)
DA:1,2
DA:2,2
DA:3,2
DA:20,2
DA:39,14
DA:40,14
DA:41,14
DA:42,14
DA:43,14
DA:44,14
DA:45,14
DA:46,14
DA:47,14
DA:50,14
DA:51,7
DA:52,7
DA:53,0
DA:54,0
DA:55,0
DA:56,0
DA:58,0
DA:59,0
DA:62,7
DA:65,7
DA:69,14
DA:70,0
DA:71,0
DA:72,0
DA:73,0
DA:74,0
DA:75,0
DA:76,0
DA:80,14
DA:81,0
DA:82,0
DA:84,0
DA:85,0
DA:86,0
DA:87,0
DA:89,0
DA:90,0
DA:94,0
DA:98,14
DA:99,0
DA:102,0
DA:103,0
DA:104,0
DA:107,0
DA:110,0
DA:111,0
DA:115,0
DA:116,0
DA:117,0
DA:118,0
DA:120,0
DA:123,0
DA:124,0
DA:125,0
DA:126,0
DA:129,0
DA:130,0
DA:135,14
DA:136,0
DA:139,14
DA:140,7
DA:141,7
DA:142,7
DA:143,7
DA:144,7
DA:148,14
DA:149,7
DA:150,0
DA:152,7
DA:155,14
DA:156,7
DA:159,7
DA:188,0
DA:189,0
DA:206,0
DA:223,0
DA:263,2
LF:81
LH:35
BRDA:23,0,0,10
BRDA:27,1,0,14
BRDA:28,2,0,14
BRDA:31,3,0,14
BRDA:32,4,0,14
BRDA:33,5,0,14
BRDA:52,6,0,0
BRDA:52,7,0,7
BRDA:52,7,1,0
BRDA:56,8,0,0
BRDA:71,9,0,0
BRDA:72,10,0,0
BRDA:73,11,0,0
BRDA:74,12,0,0
BRDA:75,13,0,0
BRDA:84,14,0,0
BRDA:84,14,1,0
BRDA:85,15,0,0
BRDA:85,15,1,0
BRDA:90,16,0,0
BRDA:102,17,0,0
BRDA:110,18,0,0
BRDA:115,19,0,0
BRDA:115,19,1,0
BRDA:118,20,0,0
BRDA:124,21,0,0
BRDA:124,22,0,0
BRDA:124,22,1,0
BRDA:149,23,0,0
BRDA:149,24,0,7
BRDA:149,24,1,0
BRDA:149,24,2,0
BRDA:155,25,0,7
BRDA:167,26,0,7
BRDA:167,26,1,0
BRDA:168,27,0,7
BRDA:168,27,1,2
BRDA:170,28,0,2
BRDA:170,28,1,0
BRDA:176,29,0,7
BRDA:176,29,1,0
BRDA:192,30,0,0
BRDA:192,30,1,7
BRDA:193,31,0,0
BRDA:193,31,1,7
BRDA:196,32,0,0
BRDA:196,32,1,7
BRDA:197,33,0,0
BRDA:197,33,1,7
BRDA:203,34,0,7
BRDA:203,34,1,0
BRDA:203,34,2,0
BRDA:209,35,0,0
BRDA:209,35,1,0
BRDA:212,36,0,7
BRDA:212,36,1,0
BRDA:213,37,0,7
BRDA:213,37,1,7
BRDA:213,37,2,0
BRDA:213,37,3,0
BRDA:219,38,0,7
BRDA:219,38,1,0
BRDA:219,38,2,0
BRDA:219,38,3,0
BRDA:226,39,0,0
BRDA:226,39,1,0
BRDA:227,40,0,0
BRDA:227,40,1,0
BRDA:229,41,0,0
BRDA:229,41,1,0
BRDA:238,42,0,0
BRDA:238,42,1,0
BRDA:239,43,0,0
BRDA:239,43,1,0
BRDA:240,44,0,0
BRDA:240,44,1,0
BRDA:241,45,0,0
BRDA:241,45,1,0
BRDA:246,46,0,7
BRDA:246,46,1,0
BRDA:246,46,2,0
BRDA:250,47,0,7
BRDA:250,47,1,0
BRDA:256,48,0,7
BRDA:256,48,1,7
BRDA:256,48,2,0
BRDA:256,48,3,0
BRF:87
BRH:27
end_of_record
TN:
SF:src/components/SecureForm.tsx
FN:9,(anonymous_1)
FN:15,(anonymous_2)
FNF:2
FNH:1
FNDA:3,(anonymous_1)
FNDA:0,(anonymous_2)
DA:1,1
DA:9,1
DA:15,3
DA:16,0
DA:17,0
DA:20,3
DA:31,1
LF:7
LH:5
BRDA:11,0,0,3
BRDA:17,1,0,0
BRDA:17,1,1,0
BRDA:17,2,0,0
BRDA:17,2,1,0
BRF:5
BRH:1
end_of_record
TN:
SF:src/components/SecureRadioGroup.tsx
FN:20,(anonymous_6)
FN:35,(anonymous_7)
FN:36,(anonymous_8)
FN:52,(anonymous_9)
FN:91,(anonymous_10)
FNF:5
FNH:4
FNDA:10,(anonymous_6)
FNDA:5,(anonymous_7)
FNDA:5,(anonymous_8)
FNDA:0,(anonymous_9)
FNDA:15,(anonymous_10)
DA:1,1
DA:2,1
DA:20,1
DA:30,10
DA:31,10
DA:32,10
DA:33,10
DA:35,10
DA:36,5
DA:37,5
DA:38,0
DA:39,0
DA:40,0
DA:42,0
DA:43,0
DA:46,5
DA:49,5
DA:52,10
DA:53,0
DA:54,0
DA:56,0
DA:57,0
DA:58,0
DA:59,0
DA:62,0
DA:63,0
DA:64,0
DA:65,0
DA:68,0
DA:69,0
DA:73,10
DA:74,5
DA:77,5
DA:92,15
DA:93,15
DA:94,15
DA:96,15
DA:139,1
LF:38
LH:21
BRDA:24,0,0,8
BRDA:28,1,0,10
BRDA:37,2,0,0
BRDA:37,3,0,5
BRDA:37,3,1,1
BRDA:40,4,0,0
BRDA:40,4,1,0
BRDA:56,5,0,0
BRDA:59,6,0,0
BRDA:63,7,0,0
BRDA:63,8,0,0
BRDA:63,8,1,0
BRDA:73,9,0,5
BRDA:81,10,0,5
BRDA:81,10,1,1
BRDA:83,11,0,1
BRDA:83,11,1,0
BRDA:92,12,0,0
BRDA:92,12,1,15
BRDA:93,13,0,0
BRDA:93,13,1,15
BRDA:100,14,0,5
BRDA:100,14,1,10
BRDA:101,15,0,5
BRDA:101,15,1,10
BRDA:102,16,0,0
BRDA:102,16,1,15
BRDA:103,17,0,10
BRDA:103,17,1,5
BRDA:130,18,0,5
BRDA:130,18,1,0
BRF:31
BRH:18
end_of_record
TN:
SF:src/components/SecureTimePicker.tsx
FN:13,(anonymous_6)
FN:24,(anonymous_7)
FNF:2
FNH:0
FNDA:0,(anonymous_6)
FNDA:0,(anonymous_7)
DA:1,1
DA:13,1
DA:21,0
DA:22,0
DA:24,0
DA:25,0
DA:26,0
DA:29,0
DA:30,0
DA:31,0
DA:32,0
DA:36,0
DA:39,0
DA:76,1
LF:14
LH:3
BRDA:16,0,0,0
BRDA:19,1,0,0
BRDA:29,2,0,0
BRDA:32,3,0,0
BRDA:36,4,0,0
BRDA:36,4,1,0
BRDA:36,5,0,0
BRDA:36,5,1,0
BRDA:46,6,0,0
BRDA:46,6,1,0
BRDA:48,7,0,0
BRDA:48,7,1,0
BRDA:63,8,0,0
BRDA:63,8,1,0
BRDA:67,9,0,0
BRDA:67,9,1,0
BRF:16
BRH:0
end_of_record
TN:
SF:src/contexts/FormContext.tsx
FN:22,formReducer
FN:35,(anonymous_7)
FN:44,FormProvider
FN:47,(anonymous_9)
FN:51,(anonymous_10)
FN:62,useForm
FNF:6
FNH:6
FNDA:3,formReducer
FNDA:2,(anonymous_7)
FNDA:13,FormProvider
FNDA:2,(anonymous_9)
FNDA:1,(anonymous_10)
FNDA:6,useForm
DA:1,3
DA:10,3
DA:16,3
DA:23,3
DA:25,2
DA:32,2
DA:35,2
DA:38,1
DA:40,0
DA:44,3
DA:45,13
DA:47,13
DA:48,2
DA:51,13
DA:52,1
DA:55,13
DA:62,3
DA:63,6
DA:64,6
DA:65,0
DA:67,6
LF:21
LH:19
BRDA:23,0,0,2
BRDA:23,0,1,1
BRDA:23,0,2,0
BRDA:64,1,0,0
BRF:4
BRH:2
end_of_record
TN:
SF:src/contexts/SecurityContext.tsx
FN:14,SecurityProvider
FN:18,(anonymous_7)
FN:19,(anonymous_8)
FN:26,(anonymous_9)
FN:33,(anonymous_10)
FN:38,(anonymous_11)
FN:50,useSecurity
FNF:7
FNH:5
FNDA:90645,SecurityProvider
FNDA:90627,(anonymous_7)
FNDA:90627,(anonymous_8)
FNDA:90609,(anonymous_9)
FNDA:0,(anonymous_10)
FNDA:0,(anonymous_11)
FNDA:90645,useSecurity
DA:1,7
DA:2,7
DA:12,7
DA:14,7
DA:15,90645
DA:16,90645
DA:18,90645
DA:19,90627
DA:20,90627
DA:21,90608
DA:26,90645
DA:27,90609
DA:28,90609
DA:29,90609
DA:30,90609
DA:33,90645
DA:34,0
DA:35,0
DA:38,90645
DA:39,0
DA:40,0
DA:43,90645
DA:50,7
DA:51,90645
DA:52,90645
DA:53,0
DA:55,90645
LF:27
LH:22
BRDA:20,0,0,90608
BRDA:34,1,0,0
BRDA:39,2,0,0
BRDA:52,3,0,0
BRF:4
BRH:1
end_of_record
TN:
SF:src/core/security-core.ts
FN:19,(anonymous_0)
FN:32,(anonymous_1)
FN:68,(anonymous_2)
FN:106,(anonymous_3)
FN:114,(anonymous_4)
FN:149,(anonymous_5)
FNF:6
FNH:6
FNDA:90614,(anonymous_0)
FNDA:90613,(anonymous_1)
FNDA:4,(anonymous_2)
FNDA:3,(anonymous_3)
FNDA:61,(anonymous_4)
FNDA:90609,(anonymous_5)
DA:15,8
DA:17,90614
DA:20,90614
DA:33,90613
DA:35,90613
DA:36,90613
DA:45,90613
DA:48,90613
DA:61,0
DA:69,4
DA:70,2
DA:73,2
DA:75,2
DA:76,2
DA:79,2
DA:82,2
DA:92,2
DA:93,2
DA:94,2
DA:97,2
DA:99,0
DA:107,3
DA:108,1
DA:111,2
DA:113,2
DA:114,61
DA:118,2
DA:119,2
DA:122,2
DA:132,2
DA:133,2
DA:136,2
DA:137,2
DA:139,1
DA:142,0
DA:150,90609
DA:155,8
LF:37
LH:34
BRDA:69,0,0,2
BRDA:79,1,0,1
BRDA:79,1,1,1
BRDA:107,2,0,1
BRF:4
BRH:4
end_of_record
TN:
SF:src/utils/validation.ts
FN:6,(anonymous_0)
FN:7,(anonymous_1)
FN:18,(anonymous_2)
FN:19,(anonymous_3)
FN:22,(anonymous_4)
FN:23,(anonymous_5)
FN:26,(anonymous_6)
FN:27,(anonymous_7)
FN:30,(anonymous_8)
FN:31,(anonymous_9)
FN:34,(anonymous_10)
FN:35,(anonymous_11)
FNF:12
FNH:10
FNDA:1,(anonymous_0)
FNDA:3,(anonymous_1)
FNDA:2,(anonymous_2)
FNDA:6,(anonymous_3)
FNDA:1,(anonymous_4)
FNDA:2,(anonymous_5)
FNDA:0,(anonymous_6)
FNDA:0,(anonymous_7)
FNDA:1,(anonymous_8)
FNDA:2,(anonymous_9)
FNDA:1,(anonymous_10)
FNDA:2,(anonymous_11)
DA:6,1
DA:7,1
DA:8,3
DA:9,5
DA:10,2
DA:13,1
DA:17,1
DA:18,2
DA:19,6
DA:22,1
DA:23,2
DA:26,0
DA:27,0
DA:30,1
DA:31,2
DA:34,1
DA:35,2
LF:17
LH:15
BRDA:9,0,0,2
BRDA:18,1,0,2
BRDA:24,2,0,1
BRDA:24,2,1,1
BRDA:28,3,0,0
BRDA:28,3,1,0
BRDA:30,4,0,1
BRF:7
BRH:5
end_of_record
